c:\working source\recordht2\stream2file\release\recordht\recordht.pch
c:\working source\recordht2\stream2file\release\recordht\vc142.pdb
c:\working source\recordht2\stream2file\release\recordht\stdafx.obj
c:\working source\recordht2\stream2file\release\recordht\video_decoder.obj
c:\working source\recordht2\stream2file\release\recordht\avcodec_mutex.obj
c:\working source\recordht2\stream2file\release\recordht\audio_encoder.obj
c:\working source\recordht2\stream2file\release\recordht\audio_decoder.obj
c:\working source\recordht2\stream2file\release\recordht\main.obj
c:\working source\recordht2\stream2file\release\recordht\http_parse.obj
c:\working source\recordht2\stream2file\release\recordht\http_mjpeg_cln.obj
c:\working source\recordht2\stream2file\release\recordht\http_cln.obj
c:\working source\recordht2\stream2file\release\recordht\xml_node.obj
c:\working source\recordht2\stream2file\release\recordht\word_analyse.obj
c:\working source\recordht2\stream2file\release\recordht\util.obj
c:\working source\recordht2\stream2file\release\recordht\sys_os.obj
c:\working source\recordht2\stream2file\release\recordht\sys_log.obj
c:\working source\recordht2\stream2file\release\recordht\sys_buf.obj
c:\working source\recordht2\stream2file\release\recordht\rfc_md5.obj
c:\working source\recordht2\stream2file\release\recordht\ppstack.obj
c:\working source\recordht2\stream2file\release\recordht\linked_list.obj
c:\working source\recordht2\stream2file\release\recordht\hxml.obj
c:\working source\recordht2\stream2file\release\recordht\hqueue.obj
c:\working source\recordht2\stream2file\release\recordht\base64.obj
c:\working source\recordht2\stream2file\release\recordht\rtsp_util.obj
c:\working source\recordht2\stream2file\release\recordht\rtsp_rcua.obj
c:\working source\recordht2\stream2file\release\recordht\rtsp_parse.obj
c:\working source\recordht2\stream2file\release\recordht\rtsp_cln.obj
c:\working source\recordht2\stream2file\release\recordht\rtsp_backchannel.obj
c:\working source\recordht2\stream2file\release\recordht\rtp_rx.obj
c:\working source\recordht2\stream2file\release\recordht\pcm_rtp_rx.obj
c:\working source\recordht2\stream2file\release\recordht\mpeg4_rtp_rx.obj
c:\working source\recordht2\stream2file\release\recordht\mpeg4.obj
c:\working source\recordht2\stream2file\release\recordht\mjpeg_tables.obj
c:\working source\recordht2\stream2file\release\recordht\mjpeg_rtp_rx.obj
c:\working source\recordht2\stream2file\release\recordht\media_util.obj
c:\working source\recordht2\stream2file\release\recordht\h265_util.obj
c:\working source\recordht2\stream2file\release\recordht\h265_rtp_rx.obj
c:\working source\recordht2\stream2file\release\recordht\h264_util.obj
c:\working source\recordht2\stream2file\release\recordht\h264_rtp_rx.obj
c:\working source\recordht2\stream2file\release\recordht\bit_vector.obj
c:\working source\recordht2\stream2file\release\recordht\aac_rtp_rx.obj
c:\working source\recordht2\stream2file\release\recordht\rtmp_cln.obj
c:\working source\recordht2\stream2file\release\recordht\video_encoder.obj
c:\working source\recordht2\stream2file\release\recordht\r2f_rua.obj
c:\working source\recordht2\stream2file\release\recordht\r2f_cfg.obj
c:\working source\recordht2\stream2file\release\recordht\r2f.obj
c:\working source\recordht2\stream2file\release\recordht\mp4_write.obj
c:\working source\recordht2\stream2file\release\recordht\avi_write.obj
c:\working source\recordht2\stream2file\release\recordht\avi_read.obj
c:\working source\recordht2\stream2file\release\recordht\rtmp.obj
c:\working source\recordht2\stream2file\release\recordht\parseurl.obj
c:\working source\recordht2\stream2file\release\recordht\log.obj
c:\working source\recordht2\stream2file\release\recordht\hashswf.obj
c:\working source\recordht2\stream2file\release\recordht\amf.obj
c:\working source\recordht2\release\recordht.exe
c:\working source\recordht2\release\recordht.pdb
c:\working source\recordht2\stream2file\release\recordht\recordht.res
c:\working source\recordht2\release\recordht.ipdb
c:\working source\recordht2\release\recordht.iobj
c:\working source\recordht2\stream2file\release\recordht\recordht.tlog\cl.command.1.tlog
c:\working source\recordht2\stream2file\release\recordht\recordht.tlog\cl.read.1.tlog
c:\working source\recordht2\stream2file\release\recordht\recordht.tlog\cl.write.1.tlog
c:\working source\recordht2\stream2file\release\recordht\recordht.tlog\link.command.1.tlog
c:\working source\recordht2\stream2file\release\recordht\recordht.tlog\link.read.1.tlog
c:\working source\recordht2\stream2file\release\recordht\recordht.tlog\link.write.1.tlog
c:\working source\recordht2\stream2file\release\recordht\recordht.tlog\rc.command.1.tlog
c:\working source\recordht2\stream2file\release\recordht\recordht.tlog\rc.read.1.tlog
c:\working source\recordht2\stream2file\release\recordht\recordht.tlog\rc.write.1.tlog
c:\working source\recordht2\stream2file\release\recordht\recordht.tlog\recordht.write.1u.tlog
