  base64.cpp
  r2f.cpp
F:\Source\RecordHT2\Stream2File\src\r2f.cpp(1757,43): warning C4018: '<': signed 또는 unsigned가 일치하지 않습니다.
F:\Source\RecordHT2\Stream2File\src\r2f.cpp(1654,10): warning C4101: 'daytime' :참조되지 않은 지역 변수입니다.
F:\Source\RecordHT2\Stream2File\src\r2f.cpp(1668,16): warning C4101: 'm_process' :참조되지 않은 지역 변수입니다.
F:\Source\RecordHT2\Stream2File\src\r2f.cpp(1716,38): warning C4101: 'cmd2' :참조되지 않은 지역 변수입니다.
F:\Source\RecordHT2\Stream2File\src\r2f.cpp(1716,31): warning C4101: 'cmd' :참조되지 않은 지역 변수입니다.
F:\Source\RecordHT2\Stream2File\src\r2f.cpp(1716,46): warning C4101: 'cmd3' :참조되지 않은 지역 변수입니다.
F:\Source\RecordHT2\Stream2File\src\r2f.cpp(1716,150): warning C4101: 'fname' :참조되지 않은 지역 변수입니다.
F:\Source\RecordHT2\Stream2File\src\r2f.cpp(1809,38): warning C4101: 'timestr' :참조되지 않은 지역 변수입니다.
F:\Source\RecordHT2\Stream2File\src\r2f.cpp(1810,38): warning C4101: 'buffer' :참조되지 않은 지역 변수입니다.
  amf.c
  hashswf.c
  log.c
  parseurl.c
  rtmp.c
  코드를 생성하고 있습니다.
  Previous IPDB not found, fall back to full compilation.
  All 581 functions were compiled because no usable IPDB/IOBJ from previous compilation was found.
  코드를 생성했습니다.
zlibstat.lib(adler32.obj) : warning LNK4099: 'zlibstat.pdb' PDB를 'zlibstat.lib(adler32.obj)' 또는 'F:\Source\RecordHT2\Release\zlibstat.pdb'에서 찾을 수 없습니다. 디버그 정보가 없는 것처럼 개체를 링크합니다.
zlibstat.lib(crc32.obj) : warning LNK4099: 'zlibstat.pdb' PDB를 'zlibstat.lib(crc32.obj)' 또는 'F:\Source\RecordHT2\Release\zlibstat.pdb'에서 찾을 수 없습니다. 디버그 정보가 없는 것처럼 개체를 링크합니다.
zlibstat.lib(inflate.obj) : warning LNK4099: 'zlibstat.pdb' PDB를 'zlibstat.lib(inflate.obj)' 또는 'F:\Source\RecordHT2\Release\zlibstat.pdb'에서 찾을 수 없습니다. 디버그 정보가 없는 것처럼 개체를 링크합니다.
zlibstat.lib(inftrees.obj) : warning LNK4099: 'zlibstat.pdb' PDB를 'zlibstat.lib(inftrees.obj)' 또는 'F:\Source\RecordHT2\Release\zlibstat.pdb'에서 찾을 수 없습니다. 디버그 정보가 없는 것처럼 개체를 링크합니다.
zlibstat.lib(zutil.obj) : warning LNK4099: 'zlibstat.pdb' PDB를 'zlibstat.lib(zutil.obj)' 또는 'F:\Source\RecordHT2\Release\zlibstat.pdb'에서 찾을 수 없습니다. 디버그 정보가 없는 것처럼 개체를 링크합니다.
  Stream2File.vcxproj -> F:\Source\RecordHT2\Release\RecordHT.exe
