f:\source\recordht2\release\avifixer.ipdb
f:\source\recordht2\release\avifixer.iobj
f:\source\recordht2\avifixer\release\avifixer\vc142.pdb
f:\source\recordht2\avifixer\release\avifixer\stdafx.obj
f:\source\recordht2\avifixer\release\avifixer\main.obj
f:\source\recordht2\avifixer\release\avifixer\avi_write.obj
f:\source\recordht2\avifixer\release\avifixer\avi_read.obj
f:\source\recordht2\avifixer\release\avifixer\media_util.obj
f:\source\recordht2\avifixer\release\avifixer\h265_util.obj
f:\source\recordht2\avifixer\release\avifixer\h264_util.obj
f:\source\recordht2\avifixer\release\avifixer\bit_vector.obj
f:\source\recordht2\avifixer\release\avifixer\sys_os.obj
f:\source\recordht2\avifixer\release\avifixer\sys_log.obj
f:\source\recordht2\release\avifixer.exe
f:\source\recordht2\release\avifixer.pdb
c:\working source\recordht2\avifixer\release\avifixer\avi_read.obj
c:\working source\recordht2\avifixer\release\avifixer\avi_write.obj
c:\working source\recordht2\avifixer\release\avifixer\bit_vector.obj
c:\working source\recordht2\avifixer\release\avifixer\h264_util.obj
c:\working source\recordht2\avifixer\release\avifixer\h265_util.obj
c:\working source\recordht2\avifixer\release\avifixer\main.obj
c:\working source\recordht2\avifixer\release\avifixer\media_util.obj
c:\working source\recordht2\avifixer\release\avifixer\stdafx.obj
c:\working source\recordht2\avifixer\release\avifixer\sys_log.obj
c:\working source\recordht2\avifixer\release\avifixer\sys_os.obj
c:\working source\recordht2\avifixer\release\avifixer\vc142.pdb
c:\working source\recordht2\release\avifixer.pdb
c:\working source\recordht2\release\avifixer.exe
c:\working source\recordht2\avifixer\release\avifixer\avifixer.tlog\avifixer.write.1u.tlog
c:\working source\recordht2\avifixer\release\avifixer\avifixer.tlog\cl.command.1.tlog
c:\working source\recordht2\avifixer\release\avifixer\avifixer.tlog\cl.read.1.tlog
c:\working source\recordht2\avifixer\release\avifixer\avifixer.tlog\cl.write.1.tlog
c:\working source\recordht2\avifixer\release\avifixer\avifixer.tlog\link.command.1.tlog
c:\working source\recordht2\avifixer\release\avifixer\avifixer.tlog\link.read.1.tlog
c:\working source\recordht2\avifixer\release\avifixer\avifixer.tlog\link.write.1.tlog
