  stdafx.cpp
  base64.cpp
  hqueue.cpp
  hxml.cpp
  linked_list.cpp
  ppstack.cpp
  rfc_md5.cpp
  sys_buf.cpp
  sys_log.cpp
  sys_os.cpp
  util.cpp
  word_analyse.cpp
  xml_node.cpp
  http_cln.cpp
  http_mjpeg_cln.cpp
  http_parse.cpp
  main.cpp
  audio_decoder.cpp
  audio_encoder.cpp
  avcodec_mutex.cpp
  video_decoder.cpp
  코드를 생성하고 있습니다...
  컴파일하고 있습니다...
  video_encoder.cpp
  rtmp_cln.cpp
  aac_rtp_rx.cpp
  bit_vector.cpp
  h264_rtp_rx.cpp
  h264_util.cpp
  h265_rtp_rx.cpp
  h265_util.cpp
  media_util.cpp
  mjpeg_rtp_rx.cpp
  mjpeg_tables.cpp
  mpeg4.cpp
  mpeg4_rtp_rx.cpp
  pcm_rtp_rx.cpp
  rtp_rx.cpp
  rtsp_backchannel.cpp
  rtsp_cln.cpp
  rtsp_parse.cpp
  rtsp_rcua.cpp
  rtsp_util.cpp
  코드를 생성하고 있습니다...
  컴파일하고 있습니다...
  avi_read.cpp
  avi_write.cpp
  mp4_write.cpp
  r2f.cpp
  r2f_cfg.cpp
  r2f_rua.cpp
  코드를 생성하고 있습니다...
  amf.c
  hashswf.c
  log.c
  parseurl.c
  rtmp.c
  코드를 생성하고 있습니다...
  Stream2File.vcxproj -> F:\Source\Happytime-stream2file-code_with mjpeg\Happytime-stream2file-code\Debug\Stream2File.exe
