f:\work\happytime-stream2file-code_new\happytime-stream2file-code\stream2file\debug\stream2file\stream2file.pch
f:\work\happytime-stream2file-code_new\happytime-stream2file-code\stream2file\debug\stream2file\vc142.pdb
f:\work\happytime-stream2file-code_new\happytime-stream2file-code\stream2file\debug\stream2file\stdafx.obj
f:\work\happytime-stream2file-code_new\happytime-stream2file-code\stream2file\debug\stream2file\h264_rtp_rx.obj
f:\work\happytime-stream2file-code_new\happytime-stream2file-code\stream2file\debug\stream2file\bit_vector.obj
f:\work\happytime-stream2file-code_new\happytime-stream2file-code\stream2file\debug\stream2file\aac_rtp_rx.obj
f:\work\happytime-stream2file-code_new\happytime-stream2file-code\stream2file\debug\stream2file\rtmp_cln.obj
f:\work\happytime-stream2file-code_new\happytime-stream2file-code\stream2file\debug\stream2file\avcodec_mutex.obj
f:\work\happytime-stream2file-code_new\happytime-stream2file-code\stream2file\debug\stream2file\audio_encoder.obj
f:\work\happytime-stream2file-code_new\happytime-stream2file-code\stream2file\debug\stream2file\audio_decoder.obj
f:\work\happytime-stream2file-code_new\happytime-stream2file-code\stream2file\debug\stream2file\main.obj
f:\work\happytime-stream2file-code_new\happytime-stream2file-code\stream2file\debug\stream2file\xml_node.obj
f:\work\happytime-stream2file-code_new\happytime-stream2file-code\stream2file\debug\stream2file\word_analyse.obj
f:\work\happytime-stream2file-code_new\happytime-stream2file-code\stream2file\debug\stream2file\util.obj
f:\work\happytime-stream2file-code_new\happytime-stream2file-code\stream2file\debug\stream2file\sys_os.obj
f:\work\happytime-stream2file-code_new\happytime-stream2file-code\stream2file\debug\stream2file\sys_log.obj
f:\work\happytime-stream2file-code_new\happytime-stream2file-code\stream2file\debug\stream2file\sys_buf.obj
f:\work\happytime-stream2file-code_new\happytime-stream2file-code\stream2file\debug\stream2file\rfc_md5.obj
f:\work\happytime-stream2file-code_new\happytime-stream2file-code\stream2file\debug\stream2file\ppstack.obj
f:\work\happytime-stream2file-code_new\happytime-stream2file-code\stream2file\debug\stream2file\linked_list.obj
f:\work\happytime-stream2file-code_new\happytime-stream2file-code\stream2file\debug\stream2file\hxml.obj
f:\work\happytime-stream2file-code_new\happytime-stream2file-code\stream2file\debug\stream2file\hqueue.obj
f:\work\happytime-stream2file-code_new\happytime-stream2file-code\stream2file\debug\stream2file\base64.obj
f:\work\happytime-stream2file-code_new\happytime-stream2file-code\stream2file\debug\stream2file\r2f_cfg.obj
f:\work\happytime-stream2file-code_new\happytime-stream2file-code\stream2file\debug\stream2file\r2f.obj
f:\work\happytime-stream2file-code_new\happytime-stream2file-code\stream2file\debug\stream2file\mp4_write.obj
f:\work\happytime-stream2file-code_new\happytime-stream2file-code\stream2file\debug\stream2file\avi_write.obj
f:\work\happytime-stream2file-code_new\happytime-stream2file-code\stream2file\debug\stream2file\avi_read.obj
f:\work\happytime-stream2file-code_new\happytime-stream2file-code\stream2file\debug\stream2file\rtsp_util.obj
f:\work\happytime-stream2file-code_new\happytime-stream2file-code\stream2file\debug\stream2file\rtsp_rcua.obj
f:\work\happytime-stream2file-code_new\happytime-stream2file-code\stream2file\debug\stream2file\rtsp_parse.obj
f:\work\happytime-stream2file-code_new\happytime-stream2file-code\stream2file\debug\stream2file\rtsp_cln.obj
f:\work\happytime-stream2file-code_new\happytime-stream2file-code\stream2file\debug\stream2file\rtsp_backchannel.obj
f:\work\happytime-stream2file-code_new\happytime-stream2file-code\stream2file\debug\stream2file\rtp_rx.obj
f:\work\happytime-stream2file-code_new\happytime-stream2file-code\stream2file\debug\stream2file\pcm_rtp_rx.obj
f:\work\happytime-stream2file-code_new\happytime-stream2file-code\stream2file\debug\stream2file\mpeg4_rtp_rx.obj
f:\work\happytime-stream2file-code_new\happytime-stream2file-code\stream2file\debug\stream2file\mpeg4.obj
f:\work\happytime-stream2file-code_new\happytime-stream2file-code\stream2file\debug\stream2file\mjpeg_tables.obj
f:\work\happytime-stream2file-code_new\happytime-stream2file-code\stream2file\debug\stream2file\mjpeg_rtp_rx.obj
f:\work\happytime-stream2file-code_new\happytime-stream2file-code\stream2file\debug\stream2file\media_util.obj
f:\work\happytime-stream2file-code_new\happytime-stream2file-code\stream2file\debug\stream2file\h265_util.obj
f:\work\happytime-stream2file-code_new\happytime-stream2file-code\stream2file\debug\stream2file\h265_rtp_rx.obj
f:\work\happytime-stream2file-code_new\happytime-stream2file-code\stream2file\debug\stream2file\h264_util.obj
f:\work\happytime-stream2file-code_new\happytime-stream2file-code\stream2file\debug\stream2file\r2f_rua.obj
f:\work\happytime-stream2file-code_new\happytime-stream2file-code\stream2file\debug\stream2file\rtmp.obj
f:\work\happytime-stream2file-code_new\happytime-stream2file-code\stream2file\debug\stream2file\parseurl.obj
f:\work\happytime-stream2file-code_new\happytime-stream2file-code\stream2file\debug\stream2file\log.obj
f:\work\happytime-stream2file-code_new\happytime-stream2file-code\stream2file\debug\stream2file\hashswf.obj
f:\work\happytime-stream2file-code_new\happytime-stream2file-code\stream2file\debug\stream2file\amf.obj
f:\work\happytime-stream2file-code_new\happytime-stream2file-code\debug\stream2file.exe
f:\work\happytime-stream2file-code_new\happytime-stream2file-code\debug\stream2file.ilk
f:\work\happytime-stream2file-code_new\happytime-stream2file-code\debug\stream2file.pdb
f:\work\happytime-stream2file-code_new\happytime-stream2file-code\stream2file\debug\stream2file\stream2file.tlog\cl.read.1.tlog
f:\work\happytime-stream2file-code_new\happytime-stream2file-code\stream2file\debug\stream2file\stream2file.tlog\cl.write.1.tlog
f:\work\happytime-stream2file-code_new\happytime-stream2file-code\stream2file\debug\stream2file\stream2file.tlog\cl.command.1.tlog
f:\work\happytime-stream2file-code_new\happytime-stream2file-code\stream2file\debug\stream2file\stream2file.tlog\link.read.2.tlog
f:\work\happytime-stream2file-code_new\happytime-stream2file-code\stream2file\debug\stream2file\stream2file.tlog\link.write.1.tlog
f:\work\happytime-stream2file-code_new\happytime-stream2file-code\stream2file\debug\stream2file\stream2file.tlog\link.command.1.tlog
