f:\source\recordht2\mp4read\release\vc142.pdb
f:\source\recordht2\mp4read\release\stdafx.obj
f:\source\recordht2\mp4read\release\main.obj
f:\source\recordht2\mp4read\release\mp4_read.obj
f:\source\recordht2\mp4read\release\sys_os.obj
f:\source\recordht2\mp4read\release\sys_log.obj
f:\source\recordht2\release\mp4read.exe
f:\source\recordht2\release\mp4read.pdb
f:\source\recordht2\release\mp4read.ipdb
f:\source\recordht2\release\mp4read.iobj
c:\working source\recordht2\mp4read\release\main.obj
c:\working source\recordht2\mp4read\release\mp4_read.obj
c:\working source\recordht2\mp4read\release\stdafx.obj
c:\working source\recordht2\mp4read\release\sys_log.obj
c:\working source\recordht2\mp4read\release\sys_os.obj
c:\working source\recordht2\mp4read\release\vc142.pdb
c:\working source\recordht2\release\mp4read.pdb
c:\working source\recordht2\release\mp4read.exe
c:\working source\recordht2\mp4read\release\mp4read.tlog\cl.command.1.tlog
c:\working source\recordht2\mp4read\release\mp4read.tlog\cl.read.1.tlog
c:\working source\recordht2\mp4read\release\mp4read.tlog\cl.write.1.tlog
c:\working source\recordht2\mp4read\release\mp4read.tlog\link.command.1.tlog
c:\working source\recordht2\mp4read\release\mp4read.tlog\link.read.1.tlog
c:\working source\recordht2\mp4read\release\mp4read.tlog\link.write.1.tlog
c:\working source\recordht2\mp4read\release\mp4read.tlog\mp4read.write.1u.tlog
