f:\source\recordht2\avifixer\debug\avifixer\vc142.pdb
f:\source\recordht2\avifixer\debug\avifixer\vc142.idb
f:\source\recordht2\avifixer\debug\avifixer\stdafx.obj
f:\source\recordht2\avifixer\debug\avifixer\main.obj
f:\source\recordht2\avifixer\debug\avifixer\avi_write.obj
f:\source\recordht2\avifixer\debug\avifixer\avi_read.obj
f:\source\recordht2\avifixer\debug\avifixer\media_util.obj
f:\source\recordht2\avifixer\debug\avifixer\h265_util.obj
f:\source\recordht2\avifixer\debug\avifixer\h264_util.obj
f:\source\recordht2\avifixer\debug\avifixer\bit_vector.obj
f:\source\recordht2\avifixer\debug\avifixer\sys_os.obj
f:\source\recordht2\avifixer\debug\avifixer\sys_log.obj
f:\source\recordht2\debug\avifixer.ilk
f:\source\recordht2\debug\avifixer.exe
f:\source\recordht2\debug\avifixer.pdb
f:\source\recordht2\avifixer\debug\avifixer\avifixer.tlog\cl.read.1.tlog
f:\source\recordht2\avifixer\debug\avifixer\avifixer.tlog\cl.write.1.tlog
f:\source\recordht2\avifixer\debug\avifixer\avifixer.tlog\cl.command.1.tlog
f:\source\recordht2\avifixer\debug\avifixer\avifixer.tlog\link.read.1.tlog
f:\source\recordht2\avifixer\debug\avifixer\avifixer.tlog\link.write.1.tlog
f:\source\recordht2\avifixer\debug\avifixer\avifixer.tlog\link.command.1.tlog
