f:\source\recordht2\release\aviread.ipdb
f:\source\recordht2\release\aviread.iobj
f:\source\recordht2\aviread\release\vc142.pdb
f:\source\recordht2\aviread\release\stdafx.obj
f:\source\recordht2\aviread\release\main.obj
f:\source\recordht2\aviread\release\avi_read.obj
f:\source\recordht2\aviread\release\sys_os.obj
f:\source\recordht2\aviread\release\sys_log.obj
f:\source\recordht2\release\aviread.exe
f:\source\recordht2\release\aviread.pdb
c:\working source\recordht2\aviread\release\avi_read.obj
c:\working source\recordht2\aviread\release\main.obj
c:\working source\recordht2\aviread\release\stdafx.obj
c:\working source\recordht2\aviread\release\sys_log.obj
c:\working source\recordht2\aviread\release\sys_os.obj
c:\working source\recordht2\aviread\release\vc142.pdb
c:\working source\recordht2\release\aviread.pdb
c:\working source\recordht2\release\aviread.exe
c:\working source\recordht2\aviread\release\aviread.tlog\aviread.write.1u.tlog
c:\working source\recordht2\aviread\release\aviread.tlog\cl.command.1.tlog
c:\working source\recordht2\aviread\release\aviread.tlog\cl.read.1.tlog
c:\working source\recordht2\aviread\release\aviread.tlog\cl.write.1.tlog
c:\working source\recordht2\aviread\release\aviread.tlog\link.command.1.tlog
c:\working source\recordht2\aviread\release\aviread.tlog\link.read.1.tlog
c:\working source\recordht2\aviread\release\aviread.tlog\link.write.1.tlog
